<?xml version="1.0" encoding="UTF-8" ?>
<testsuite errors="0" failures="0" hostname="blrwks0043" name="SuiteRunner.runDemoTestSuite" tests="12" time="306.79" timestamp="2013-05-28T12:26:58">
  <properties>
    <property name="java.vendor" value="Sun Microsystems Inc." />
    <property name="env.DEFLOGDIR" value="C:\ProgramData\McAfee\DesktopProtection" />
    <property name="sun.java.launcher" value="SUN_STANDARD" />
    <property name="sun.management.compiler" value="HotSpot 64-Bit Tiered Compilers" />
    <property name="env.PROMPT" value="$P$G" />
    <property name="os.name" value="Windows 7" />
    <property name="env.FP_NO_HOST_CHECK" value="NO" />
    <property name="sun.boot.class.path" value="C:\Program Files\Java\jdk1.6.0_45\jre\lib\resources.jar;C:\Program Files\Java\jdk1.6.0_45\jre\lib\rt.jar;C:\Program Files\Java\jdk1.6.0_45\jre\lib\sunrsasign.jar;C:\Program Files\Java\jdk1.6.0_45\jre\lib\jsse.jar;C:\Program Files\Java\jdk1.6.0_45\jre\lib\jce.jar;C:\Program Files\Java\jdk1.6.0_45\jre\lib\charsets.jar;C:\Program Files\Java\jdk1.6.0_45\jre\lib\modules\jdk.boot.jar;C:\Program Files\Java\jdk1.6.0_45\jre\classes" />
    <property name="env.COMPUTERNAME" value="BLRWKS0043" />
    <property name="env.CommonProgramW6432" value="C:\Program Files\Common Files" />
    <property name="env.ALLUSERSPROFILE" value="C:\ProgramData" />
    <property name="sun.desktop" value="windows" />
    <property name="java.vm.specification.vendor" value="Sun Microsystems Inc." />
    <property name="ant.home" value="C:\Program Files\apache-ant-1.7.0" />
    <property name="java.runtime.version" value="1.6.0_45-b06" />
    <property name="env.HOMEPATH" value="\Users\Anjum.Jamadar" />
    <property name="user.name" value="anjum.jamadar" />
    <property name="user.language" value="en" />
    <property name="env.windows_tracing_flags" value="3" />
    <property name="sun.boot.library.path" value="C:\Program Files\Java\jdk1.6.0_45\jre\bin" />
    <property name="ant.project.name" value="Selenium_Web_Driver" />
    <property name="java.version" value="1.6.0_45" />
    <property name="env.PROCESSOR_IDENTIFIER" value="Intel64 Family 6 Model 15 Stepping 13, GenuineIntel" />
    <property name="user.timezone" value="" />
    <property name="env.TEMP" value="C:\Users\ANJUM~1.JAM\AppData\Local\Temp" />
    <property name="sun.arch.data.model" value="64" />
    <property name="java.endorsed.dirs" value="C:\Program Files\Java\jdk1.6.0_45\jre\lib\endorsed" />
    <property name="env.VSEDEFLOGDIR" value="C:\ProgramData\McAfee\DesktopProtection" />
    <property name="env._JAVACMD" value="C:\Program Files\Java\jdk1.6.0_45\bin\java.exe" />
    <property name="sun.cpu.isalist" value="amd64" />
    <property name="env.HOMEDRIVE" value="C:" />
    <property name="sun.jnu.encoding" value="Cp1252" />
    <property name="file.encoding.pkg" value="sun.io" />
    <property name="file.separator" value="\" />
    <property name="java.specification.name" value="Java Platform API Specification" />
    <property name="java.class.version" value="50.0" />
    <property name="user.country" value="US" />
    <property name="java.home" value="C:\Program Files\Java\jdk1.6.0_45\jre" />
    <property name="env.PSModulePath" value="C:\Windows\system32\WindowsPowerShell\v1.0\Modules\" />
    <property name="env.APPDATA" value="C:\Users\Anjum.Jamadar\AppData\Roaming" />
    <property name="env.PUBLIC" value="C:\Users\Public" />
    <property name="env.windows_tracing_logfile" value="C:\BVTBin\Tests\installpackage\csilogfile.log" />
    <property name="java.vm.info" value="mixed mode" />
    <property name="env.CATALINA_HOME" value="C:\Program Files (x86)\Apache Software Foundation\apache-tomcat-7.0.37" />
    <property name="env.ComSpec" value="C:\Windows\system32\cmd.exe" />
    <property name="env.OS" value="Windows_NT" />
    <property name="env.CommonProgramFiles" value="C:\Program Files\Common Files" />
    <property name="ant.file" value="D:\EclipseWorksSpace\ComcastAutomation\build.xml" />
    <property name="os.version" value="6.1" />
    <property name="env.ProgramW6432" value="C:\Program Files" />
    <property name="env._USE_CLASSPATH" value="no" />
    <property name="path.separator" value=";" />
    <property name="java.vm.version" value="20.45-b01" />
    <property name="env.USERPROFILE" value="C:\Users\Anjum.Jamadar" />
    <property name="user.variant" value="" />
    <property name="ant.library.dir" value="C:\Program Files\apache-ant-1.7.0\lib" />
    <property name="junit.output.dir" value="junit" />
    <property name="env.JAVA_HOME" value="C:\Program Files\Java\jdk1.6.0_45" />
    <property name="java.awt.printerjob" value="sun.awt.windows.WPrinterJob" />
    <property name="env.TMP" value="C:\Users\ANJUM~1.JAM\AppData\Local\Temp" />
    <property name="sun.io.unicode.encoding" value="UnicodeLittle" />
    <property name="ant.file.Selenium_Web_Driver" value="D:\EclipseWorksSpace\ComcastAutomation\build.xml" />
    <property name="awt.toolkit" value="sun.awt.windows.WToolkit" />
    <property name="user.home" value="C:\Users\Anjum.Jamadar" />
    <property name="target" value="1.6" />
    <property name="env.ProgramData" value="C:\ProgramData" />
    <property name="env.SESSIONNAME" value="Console" />
    <property name="env.ProgramFiles(x86)" value="C:\Program Files (x86)" />
    <property name="java.specification.vendor" value="Sun Microsystems Inc." />
    <property name="java.vendor.url" value="http://java.sun.com/" />
    <property name="env.NUMBER_OF_PROCESSORS" value="2" />
    <property name="java.library.path" value="C:\Program Files\Java\jdk1.6.0_45\jre\bin;C:\Windows\Sun\Java\bin;C:\Windows\system32;C:\Windows;C:\Program Files\Common Files\Microsoft Shared\Microsoft Online Services;C:\Program Files\Java\jdk1.6.0_45\bin;C:\Program Files (x86)\Common Files\Microsoft Shared\Microsoft Online Services;C:\Windows\system32;C:\Windows;C:\Windows\System32\Wbem;C:\Windows\System32\WindowsPowerShell\v1.0\;C:\Program Files\apache-ant-1.7.0\bin;C:\Program Files (x86)\ZipGenius 6\;C:\Program Files\TortoiseSVN\bin;C:\Program Files (x86)\Apache Software Foundation\apache-tomcat-7.0.37\bin;;." />
    <property name="env.USERDNSDOMAIN" value="IN.VALTECH.COM" />
    <property name="java.vm.vendor" value="Sun Microsystems Inc." />
    <property name="java.runtime.name" value="Java(TM) SE Runtime Environment" />
    <property name="java.class.path" value="D:\EclipseWorksSpace\ComcastAutomation\bin;D:\EclipseWorksSpace\ComcastAutomation\Jars\selenium-server-standalone-2.32.0.jar;C:\Program Files\apache-ant-1.7.0\lib\ant-launcher.jar;C:\Program Files\apache-ant-1.7.0\lib\ant.jar;C:\Program Files\apache-ant-1.7.0\lib\ant-junit.jar" />
    <property name="sun.java.command" value="org.apache.tools.ant.taskdefs.optional.junit.JUnitTestRunner SuiteRunner.runDemoTestSuite filtertrace=true haltOnError=false haltOnFailure=false formatter=org.apache.tools.ant.taskdefs.optional.junit.OutErrSummaryJUnitResultFormatter showoutput=false outputtoformatters=true logtestlistenerevents=true formatter=org.apache.tools.ant.taskdefs.optional.junit.XMLJUnitResultFormatter,D:\EclipseWorksSpace\ComcastAutomation\junit\TEST-SuiteRunner.runDemoTestSuite.xml crashfile=D:\EclipseWorksSpace\ComcastAutomation\junitvmwatcher876764753.properties propsfile=D:\EclipseWorksSpace\ComcastAutomation\junit696553701.properties" />
    <property name="ant.version" value="Apache Ant version 1.7.0 compiled on December 13 2006" />
    <property name="java.vm.specification.name" value="Java Virtual Machine Specification" />
    <property name="env.windir" value="C:\Windows" />
    <property name="env.LOGONSERVER" value="\\INBLR-AD04" />
    <property name="env.PROCESSOR_ARCHITECTURE" value="AMD64" />
    <property name="java.vm.specification.version" value="1.0" />
    <property name="sun.os.patch.level" value="Service Pack 1" />
    <property name="sun.cpu.endian" value="little" />
    <property name="debuglevel" value="source,lines,vars" />
    <property name="env.ProgramFiles" value="C:\Program Files" />
    <property name="env.ANT_HOME" value="C:\Program Files\apache-ant-1.7.0" />
    <property name="java.io.tmpdir" value="C:\Users\ANJUM~1.JAM\AppData\Local\Temp\" />
    <property name="env.PROCESSOR_REVISION" value="0f0d" />
    <property name="env.CommonProgramFiles(x86)" value="C:\Program Files (x86)\Common Files" />
    <property name="java.vendor.url.bug" value="http://java.sun.com/cgi-bin/bugreport.cgi" />
    <property name="env.SystemRoot" value="C:\Windows" />
    <property name="java.awt.graphicsenv" value="sun.awt.Win32GraphicsEnvironment" />
    <property name="env.ANT_CMD_LINE_ARGS" value="runATFTestSuite" />
    <property name="os.arch" value="amd64" />
    <property name="java.ext.dirs" value="C:\Program Files\Java\jdk1.6.0_45\jre\lib\ext;C:\Windows\Sun\Java\lib\ext" />
    <property name="user.dir" value="D:\EclipseWorksSpace\ComcastAutomation" />
    <property name="env.LOCALAPPDATA" value="C:\Users\Anjum.Jamadar\AppData\Local" />
    <property name="line.separator" value="
" />
    <property name="java.vm.name" value="Java HotSpot(TM) 64-Bit Server VM" />
    <property name="env.PATHEXT" value=".COM;.EXE;.BAT;.CMD;.VBS;.VBE;.JS;.JSE;.WSF;.WSH;.MSC" />
    <property name="env.Path" value="C:\Program Files\Common Files\Microsoft Shared\Microsoft Online Services;C:\Program Files\Java\jdk1.6.0_45\bin;C:\Program Files (x86)\Common Files\Microsoft Shared\Microsoft Online Services;C:\Windows\system32;C:\Windows;C:\Windows\System32\Wbem;C:\Windows\System32\WindowsPowerShell\v1.0\;C:\Program Files\apache-ant-1.7.0\bin;C:\Program Files (x86)\ZipGenius 6\;C:\Program Files\TortoiseSVN\bin;C:\Program Files (x86)\Apache Software Foundation\apache-tomcat-7.0.37\bin;" />
    <property name="basedir" value="D:\EclipseWorksSpace\ComcastAutomation" />
    <property name="ant.java.version" value="1.6" />
    <property name="ant.core.lib" value="C:\Program Files\apache-ant-1.7.0\lib\ant.jar" />
    <property name="env.USERNAME" value="anjum.jamadar" />
    <property name="env.SystemDrive" value="C:" />
    <property name="source" value="1.6" />
    <property name="file.encoding" value="Cp1252" />
    <property name="env.USERDOMAIN" value="IN" />
    <property name="java.specification.version" value="1.6" />
    <property name="env.PROCESSOR_LEVEL" value="6" />
  </properties>
  <testcase classname="UserManagement.UserRegistration.UserRegistrationTestCasesForFirstName.UserRegWithNoFirstName.RegisterToXidioApplicationWithoutEnteringFirstName" name="testRegisterToXidioApplicationWithoutFirstName" time="18.938" />
  <testcase classname="UserManagement.UserRegistration.UserRegistrationTestCasesForEmail.UserRegWithNoEmailID.RegisterToXidioApplicationWithoutEnteringEmail" name="testRegisterToXidioApplicationWithoutEnteringEmail" time="17.989" />
  <testcase classname="UserManagement.UserRegistration.RegisterToXidioApplicationUsingValidCredentials" name="testUserRegistration" time="43.049" />
  <testcase classname="UserManagement.ProfileManagement.RegisteredUserTestCasesForChangePassword.ResetUserPasswordWithInvalidEmail.ResetTheXidioPasswordWithWrongEmail" name="testResetTheXidioPasswordWithWrongEmail" time="16.099" />
  <testcase classname="UserManagement.ProfileManagement.RegisteredUserTestCasesForChangePassword.ValidateCurrentUserPassWhileChangingPass.ValidateCurrentPasswordWhenChangingPassword" name="testValidateCurrentPasswordWhenChangingPassword" time="29.668" />
  <testcase classname="UserManagement.ProfileManagement.RegisteredUserTestCasesForChangePassword.ChangePassword.ChangeUserLoginPassword" name="testLoginToCamcast" time="18.488" />
  <testcase classname="VideoManagement.VideoSubscriptionManagement.PaidSubscriptionForVideo.SeachAndSubscribeVideo" name="testSearchVideoSubscriptionFeedback" time="34.305" />
  <testcase classname="VideoManagement.VideoSubscriptionManagement.PaidSubscriptionForVideo.UnsubscribeUserSubscribedVideo" name="testSearchSubscribedVideoAndUnsubscribe" time="27.404" />
  <testcase classname="UserManagement.ProfileManagement.RegisteredUserTestCasesForEditProfileDetails.ValidateFirstNameField.EditXidioFirstNameInProfileManagement" name="testEditXidioUserNameInProfileManagement" time="19.615" />
  <testcase classname="UserManagement.ProfileManagement.RegisteredUserTestCasesForChangePaymentInfo.ValidateChangePaymentInfoDetailsUpdatedSuccessfully" name="testUserProfileChanges" time="31.573" />
  <testcase classname="UserManagement.ProfileManagement.RegisteredUserTestCasesForChangePinCode.ChangePinCode" name="testChangePinCode" time="29.137" />
  <testcase classname="UserManagement.ProfileManagement.RegisteredUserTestCasesForChangeActivationCode.ChangeActivationCodeWithValidAC.ValidateUserActivationCodeUpdatesSuccessfully" name="testChangeActivationCode" time="20.23" />
  <system-out><![CDATA[]]></system-out>
  <system-err><![CDATA[]]></system-err>
</testsuite>
